{"C:\\Users\\ARNOLD\\Desktop\\init\\frontend\\js\\alerts.js": {"path":"C:\\Users\\ARNOLD\\Desktop\\init\\frontend\\js\\alerts.js","statementMap":{"0":{"start":{"line":5,"column":18},"end":{"line":5,"column":47}},"1":{"start":{"line":6,"column":4},"end":{"line":6,"column":45}},"2":{"start":{"line":7,"column":4},"end":{"line":7,"column":32}},"3":{"start":{"line":9,"column":4},"end":{"line":9,"column":37}},"4":{"start":{"line":10,"column":4},"end":{"line":12,"column":13}},"5":{"start":{"line":11,"column":8},"end":{"line":11,"column":23}}},"fnMap":{"0":{"name":"showAlert","decl":{"start":{"line":4,"column":16},"end":{"line":4,"column":25}},"loc":{"start":{"line":4,"column":50},"end":{"line":13,"column":1}},"line":4},"1":{"name":"(anonymous_1)","decl":{"start":{"line":10,"column":15},"end":{"line":10,"column":16}},"loc":{"start":{"line":10,"column":21},"end":{"line":12,"column":5}},"line":10}},"branchMap":{"0":{"loc":{"start":{"line":4,"column":35},"end":{"line":4,"column":49}},"type":"default-arg","locations":[{"start":{"line":4,"column":40},"end":{"line":4,"column":49}}],"line":4}},"s":{"0":3,"1":3,"2":3,"3":3,"4":3,"5":1},"f":{"0":3,"1":1},"b":{"0":[0]},"inputSourceMap":null,"_coverageSchema":"1a1c01bbd47fc00a2c39e90264f33305004495a9","hash":"1514220433da8fb8478a1d5b0737693006dd3178"}
,"C:\\Users\\ARNOLD\\Desktop\\init\\frontend\\js\\api.js": {"path":"C:\\Users\\ARNOLD\\Desktop\\init\\frontend\\js\\api.js","statementMap":{"0":{"start":{"line":3,"column":19},"end":{"line":16,"column":1}},"1":{"start":{"line":5,"column":21},"end":{"line":9,"column":6}},"2":{"start":{"line":11,"column":4},"end":{"line":13,"column":5}},"3":{"start":{"line":12,"column":6},"end":{"line":12,"column":46}},"4":{"start":{"line":14,"column":4},"end":{"line":14,"column":27}}},"fnMap":{"0":{"name":"(anonymous_0)","decl":{"start":{"line":4,"column":2},"end":{"line":4,"column":3}},"loc":{"start":{"line":4,"column":22},"end":{"line":15,"column":3}},"line":4}},"branchMap":{"0":{"loc":{"start":{"line":11,"column":4},"end":{"line":13,"column":5}},"type":"if","locations":[{"start":{"line":11,"column":4},"end":{"line":13,"column":5}},{"start":{},"end":{}}],"line":11}},"s":{"0":1,"1":2,"2":2,"3":1,"4":1},"f":{"0":2},"b":{"0":[1,1]},"inputSourceMap":null,"_coverageSchema":"1a1c01bbd47fc00a2c39e90264f33305004495a9","hash":"79ca2cff2d84badbada4e4956497fecb9f537cc8"}
,"C:\\Users\\ARNOLD\\Desktop\\init\\frontend\\js\\form.js": {"path":"C:\\Users\\ARNOLD\\Desktop\\init\\frontend\\js\\form.js","statementMap":{"0":{"start":{"line":6,"column":4},"end":{"line":6,"column":27}},"1":{"start":{"line":8,"column":17},"end":{"line":13,"column":5}},"2":{"start":{"line":15,"column":19},"end":{"line":15,"column":40}},"3":{"start":{"line":17,"column":4},"end":{"line":21,"column":5}},"4":{"start":{"line":18,"column":27},"end":{"line":18,"column":51}},"5":{"start":{"line":19,"column":8},"end":{"line":19,"column":39}},"6":{"start":{"line":20,"column":8},"end":{"line":20,"column":15}},"7":{"start":{"line":23,"column":4},"end":{"line":29,"column":5}},"8":{"start":{"line":24,"column":23},"end":{"line":24,"column":46}},"9":{"start":{"line":25,"column":8},"end":{"line":25,"column":62}},"10":{"start":{"line":26,"column":8},"end":{"line":26,"column":29}},"11":{"start":{"line":28,"column":8},"end":{"line":28,"column":65}}},"fnMap":{"0":{"name":"handleFormSubmit","decl":{"start":{"line":5,"column":22},"end":{"line":5,"column":38}},"loc":{"start":{"line":5,"column":46},"end":{"line":30,"column":1}},"line":5}},"branchMap":{"0":{"loc":{"start":{"line":17,"column":4},"end":{"line":21,"column":5}},"type":"if","locations":[{"start":{"line":17,"column":4},"end":{"line":21,"column":5}},{"start":{},"end":{}}],"line":17}},"s":{"0":2,"1":2,"2":2,"3":2,"4":1,"5":1,"6":1,"7":1,"8":1,"9":1,"10":1,"11":0},"f":{"0":2},"b":{"0":[1,1]},"inputSourceMap":null,"_coverageSchema":"1a1c01bbd47fc00a2c39e90264f33305004495a9","hash":"2d0102abc54695f34c5334663364e8e893edfd15"}
,"C:\\Users\\ARNOLD\\Desktop\\init\\frontend\\js\\validations.js": {"path":"C:\\Users\\ARNOLD\\Desktop\\init\\frontend\\js\\validations.js","statementMap":{"0":{"start":{"line":2,"column":26},"end":{"line":16,"column":1}},"1":{"start":{"line":3,"column":22},"end":{"line":3,"column":47}},"2":{"start":{"line":4,"column":22},"end":{"line":4,"column":48}},"3":{"start":{"line":7,"column":23},"end":{"line":7,"column":25}},"4":{"start":{"line":9,"column":8},"end":{"line":9,"column":78}},"5":{"start":{"line":9,"column":37},"end":{"line":9,"column":78}},"6":{"start":{"line":10,"column":8},"end":{"line":10,"column":80}},"7":{"start":{"line":10,"column":38},"end":{"line":10,"column":80}},"8":{"start":{"line":11,"column":8},"end":{"line":11,"column":84}},"9":{"start":{"line":11,"column":39},"end":{"line":11,"column":84}},"10":{"start":{"line":12,"column":8},"end":{"line":12,"column":84}},"11":{"start":{"line":12,"column":39},"end":{"line":12,"column":84}},"12":{"start":{"line":14,"column":8},"end":{"line":14,"column":22}}},"fnMap":{"0":{"name":"(anonymous_0)","decl":{"start":{"line":3,"column":13},"end":{"line":3,"column":14}},"loc":{"start":{"line":3,"column":22},"end":{"line":3,"column":47}},"line":3},"1":{"name":"(anonymous_1)","decl":{"start":{"line":4,"column":13},"end":{"line":4,"column":14}},"loc":{"start":{"line":4,"column":22},"end":{"line":4,"column":48}},"line":4},"2":{"name":"(anonymous_2)","decl":{"start":{"line":6,"column":4},"end":{"line":6,"column":5}},"loc":{"start":{"line":6,"column":14},"end":{"line":15,"column":5}},"line":6}},"branchMap":{"0":{"loc":{"start":{"line":9,"column":8},"end":{"line":9,"column":78}},"type":"if","locations":[{"start":{"line":9,"column":8},"end":{"line":9,"column":78}},{"start":{},"end":{}}],"line":9},"1":{"loc":{"start":{"line":10,"column":8},"end":{"line":10,"column":80}},"type":"if","locations":[{"start":{"line":10,"column":8},"end":{"line":10,"column":80}},{"start":{},"end":{}}],"line":10},"2":{"loc":{"start":{"line":11,"column":8},"end":{"line":11,"column":84}},"type":"if","locations":[{"start":{"line":11,"column":8},"end":{"line":11,"column":84}},{"start":{},"end":{}}],"line":11},"3":{"loc":{"start":{"line":12,"column":8},"end":{"line":12,"column":84}},"type":"if","locations":[{"start":{"line":12,"column":8},"end":{"line":12,"column":84}},{"start":{},"end":{}}],"line":12}},"s":{"0":2,"1":9,"2":7,"3":2,"4":2,"5":1,"6":2,"7":1,"8":2,"9":1,"10":2,"11":1,"12":2},"f":{"0":9,"1":7,"2":2},"b":{"0":[1,1],"1":[1,1],"2":[1,1],"3":[1,1]},"inputSourceMap":null,"_coverageSchema":"1a1c01bbd47fc00a2c39e90264f33305004495a9","hash":"bfaaf1b7236922e5e013cee5b7af4fe2b19b6bc4"}
}
