TN:
SF:js\alerts.js
FN:4,showAlert
FN:10,(anonymous_1)
FNF:2
FNH:2
FNDA:3,showAlert
FNDA:1,(anonymous_1)
DA:5,3
DA:6,3
DA:7,3
DA:9,3
DA:10,3
DA:11,1
LF:6
LH:6
BRDA:4,0,0,0
BRF:1
BRH:0
end_of_record
TN:
SF:js\api.js
FN:4,(anonymous_0)
FNF:1
FNH:1
FNDA:2,(anonymous_0)
DA:3,1
DA:5,2
DA:11,2
DA:12,1
DA:14,1
LF:5
LH:5
BRDA:11,0,0,1
BRDA:11,0,1,1
BRF:2
BRH:2
end_of_record
TN:
SF:js\form.js
FN:5,handleFormSubmit
FNF:1
FNH:1
FNDA:2,handleFormSubmit
DA:6,2
DA:8,2
DA:15,2
DA:17,2
DA:18,1
DA:19,1
DA:20,1
DA:23,1
DA:24,1
DA:25,1
DA:26,1
DA:28,0
LF:12
LH:11
BRDA:17,0,0,1
BRDA:17,0,1,1
BRF:2
BRH:2
end_of_record
TN:
SF:js\validations.js
FN:3,(anonymous_0)
FN:4,(anonymous_1)
FN:6,(anonymous_2)
FNF:3
FNH:3
FNDA:9,(anonymous_0)
FNDA:7,(anonymous_1)
FNDA:2,(anonymous_2)
DA:2,2
DA:3,9
DA:4,7
DA:7,2
DA:9,2
DA:10,2
DA:11,2
DA:12,2
DA:14,2
LF:9
LH:9
BRDA:9,0,0,1
BRDA:9,0,1,1
BRDA:10,1,0,1
BRDA:10,1,1,1
BRDA:11,2,0,1
BRDA:11,2,1,1
BRDA:12,3,0,1
BRDA:12,3,1,1
BRF:8
BRH:8
end_of_record
